# JRE version: Java(TM) SE Runtime Environment (8.0_144-b01) (build 1.8.0_144-b01)
# Java VM: Java HotSpot(TM) 64-Bit Server VM (25.144-b01 mixed mode windows-amd64 compressed oops)
Heap:
 garbage-first heap   total 262144K, used 131709K [0x00000000c0000000, 0x00000000c0100800, 0x0000000100000000)
  region size 1024K, 52 young (53248K), 16 survivors (16384K)
 Metaspace       used 113789K, capacity 124304K, committed 124464K, reserved 1157120K
  class space    used 13990K, capacity 16853K, committed 16944K, reserved 1048576K
GC Heap History (10 events):
Event: 347.833 GC heap before
{Heap before GC invocations=35 (full 1):
 garbage-first heap   total 262144K, used 145831K [0x00000000c0000000, 0x00000000c0100800, 0x0000000100000000)
  region size 1024K, 71 young (72704K), 0 survivors (0K)
 Metaspace       used 105682K, capacity 115188K, committed 115376K, reserved 1148928K
  class space    used 13028K, capacity 15785K, committed 15792K, reserved 1048576K
Event: 348.226 GC heap after
Heap after GC invocations=36 (full 2):
 garbage-first heap   total 262144K, used 83873K [0x00000000c0000000, 0x00000000c0100800, 0x0000000100000000)
  region size 1024K, 0 young (0K), 0 survivors (0K)
 Metaspace       used 105682K, capacity 115188K, committed 115376K, reserved 1148928K
  class space    used 13028K, capacity 15785K, committed 15792K, reserved 1048576K
}
Event: 350.117 GC heap before
{Heap before GC invocations=36 (full 2):
 garbage-first heap   total 262144K, used 213921K [0x00000000c0000000, 0x00000000c0100800, 0x0000000100000000)
  region size 1024K, 127 young (130048K), 0 survivors (0K)
 Metaspace       used 105722K, capacity 115252K, committed 115376K, reserved 1148928K
  class space    used 13028K, capacity 15785K, committed 15792K, reserved 1048576K
Event: 350.145 GC heap after
Heap after GC invocations=37 (full 2):
 garbage-first heap   total 262144K, used 100769K [0x00000000c0000000, 0x00000000c0100800, 0x0000000100000000)
  region size 1024K, 16 young (16384K), 16 survivors (16384K)
 Metaspace       used 105722K, capacity 115252K, committed 115376K, reserved 1148928K
  class space    used 13028K, capacity 15785K, committed 15792K, reserved 1048576K
}
Event: 350.582 GC heap before
{Heap before GC invocations=37 (full 2):
 garbage-first heap   total 262144K, used 170241K [0x00000000c0000000, 0x00000000c0100800, 0x0000000100000000)
  region size 1024K, 84 young (86016K), 16 survivors (16384K)
 Metaspace       used 105723K, capacity 115252K, committed 115376K, reserved 1148928K
  class space    used 13028K, capacity 15785K, committed 15792K, reserved 1048576K
Event: 350.956 GC heap after
Heap after GC invocations=38 (full 3):
 garbage-first heap   total 262144K, used 74138K [0x00000000c0000000, 0x00000000c0100800, 0x0000000100000000)
  region size 1024K, 0 young (0K), 0 survivors (0K)
 Metaspace       used 105723K, capacity 115252K, committed 115376K, reserved 1148928K
  class space    used 13028K, capacity 15785K, committed 15792K, reserved 1048576K
}
Event: 351.470 GC heap before
{Heap before GC invocations=38 (full 3):
 garbage-first heap   total 262144K, used 136602K [0x00000000c0000000, 0x00000000c0100800, 0x0000000100000000)
  region size 1024K, 62 young (63488K), 0 survivors (0K)
 Metaspace       used 105767K, capacity 115316K, committed 115376K, reserved 1148928K
  class space    used 13028K, capacity 15785K, committed 15792K, reserved 1048576K
Event: 351.858 GC heap after
Heap after GC invocations=39 (full 4):
 garbage-first heap   total 262144K, used 79133K [0x00000000c0000000, 0x00000000c0100800, 0x0000000100000000)
  region size 1024K, 0 young (0K), 0 survivors (0K)
 Metaspace       used 105767K, capacity 115316K, committed 115376K, reserved 1148928K
  class space    used 13028K, capacity 15785K, committed 15792K, reserved 1048576K
}
Event: 481.505 GC heap before
{Heap before GC invocations=39 (full 4):
 garbage-first heap   total 262144K, used 216029K [0x00000000c0000000, 0x00000000c0100800, 0x0000000100000000)
  region size 1024K, 132 young (135168K), 0 survivors (0K)
 Metaspace       used 113068K, capacity 123362K, committed 123568K, reserved 1157120K
  class space    used 13925K, capacity 16814K, committed 16816K, reserved 1048576K
Event: 481.536 GC heap after
Heap after GC invocations=40 (full 4):
 garbage-first heap   total 262144K, used 95869K [0x00000000c0000000, 0x00000000c0100800, 0x0000000100000000)
  region size 1024K, 16 young (16384K), 16 survivors (16384K)
 Metaspace       used 113068K, capacity 123362K, committed 123568K, reserved 1157120K
  class space    used 13925K, capacity 16814K, committed 16816K, reserved 1048576K
}

