# JRE version: Java(TM) SE Runtime Environment (8.0_144-b01) (build 1.8.0_144-b01)
# Java VM: Java HotSpot(TM) 64-Bit Server VM (25.144-b01 mixed mode windows-amd64 compressed oops)
Heap:
 garbage-first heap   total 262144K, used 27648K [0x00000000c0000000, 0x00000000c0100800, 0x0000000100000000)
  region size 1024K, 15 young (15360K), 2 survivors (2048K)
 Metaspace       used 9458K, capacity 9884K, committed 10112K, reserved 1058816K
  class space    used 994K, capacity 1104K, committed 1152K, reserved 1048576K
GC Heap History (6 events):
Event: 0.810 GC heap before
{Heap before GC invocations=0 (full 0):
 garbage-first heap   total 262144K, used 12288K [0x00000000c0000000, 0x00000000c0100800, 0x0000000100000000)
  region size 1024K, 12 young (12288K), 0 survivors (0K)
 Metaspace       used 5567K, capacity 5756K, committed 5888K, reserved 1056768K
  class space    used 613K, capacity 663K, committed 768K, reserved 1048576K
Event: 0.817 GC heap after
Heap after GC invocations=1 (full 0):
 garbage-first heap   total 262144K, used 2678K [0x00000000c0000000, 0x00000000c0100800, 0x0000000100000000)
  region size 1024K, 2 young (2048K), 2 survivors (2048K)
 Metaspace       used 5567K, capacity 5756K, committed 5888K, reserved 1056768K
  class space    used 613K, capacity 663K, committed 768K, reserved 1048576K
}
Event: 1.234 GC heap before
{Heap before GC invocations=1 (full 0):
 garbage-first heap   total 262144K, used 19062K [0x00000000c0000000, 0x00000000c0100800, 0x0000000100000000)
  region size 1024K, 18 young (18432K), 2 survivors (2048K)
 Metaspace       used 6995K, capacity 7144K, committed 7168K, reserved 1056768K
  class space    used 747K, capacity 761K, committed 768K, reserved 1048576K
Event: 1.257 GC heap after
Heap after GC invocations=2 (full 0):
 garbage-first heap   total 262144K, used 11630K [0x00000000c0000000, 0x00000000c0100800, 0x0000000100000000)
  region size 1024K, 3 young (3072K), 3 survivors (3072K)
 Metaspace       used 6995K, capacity 7144K, committed 7168K, reserved 1056768K
  class space    used 747K, capacity 761K, committed 768K, reserved 1048576K
}
Event: 1.588 GC heap before
{Heap before GC invocations=2 (full 0):
 garbage-first heap   total 262144K, used 20846K [0x00000000c0000000, 0x00000000c0100800, 0x0000000100000000)
  region size 1024K, 12 young (12288K), 3 survivors (3072K)
 Metaspace       used 8400K, capacity 8612K, committed 8960K, reserved 1056768K
  class space    used 898K, capacity 928K, committed 1024K, reserved 1048576K
Event: 1.606 GC heap after
Heap after GC invocations=3 (full 0):
 garbage-first heap   total 262144K, used 15360K [0x00000000c0000000, 0x00000000c0100800, 0x0000000100000000)
  region size 1024K, 2 young (2048K), 2 survivors (2048K)
 Metaspace       used 8400K, capacity 8612K, committed 8960K, reserved 1056768K
  class space    used 898K, capacity 928K, committed 1024K, reserved 1048576K
}

